<?xml version="1.0" encoding="UTF-8"?>
<!-- Generated by org.testng.reporters.JUnitReportReporter -->
<testsuite hostname="DESKTOP-8IQ6Q1E" failures="0" tests="4" name="bcamphomedepot.searchbutton" time="75.877" errors="0" timestamp="2020-05-06T17:02:18 EDT" skipped="0">
  <testcase classname="bcamphomedepot.searchbutton" name="f" time="19.471"/>
  <system-out/>
  <testcase classname="bcamphomedepot.searchbutton" name="f" time="8.110"/>
  <system-out/>
  <testcase classname="bcamphomedepot.searchbutton" name="f" time="20.006"/>
  <system-out/>
  <testcase classname="bcamphomedepot.searchbutton" name="addcart" time="28.290"/>
  <system-out/>
</testsuite> <!-- bcamphomedepot.searchbutton -->
