<?xml version="1.0" encoding="UTF-8"?>
<!-- Generated by org.testng.reporters.JUnitReportReporter -->
<testsuite hostname="DESKTOP-8IQ6Q1E" failures="0" tests="4" name="bcamphomedepot.searchbutton" time="74.048" errors="0" timestamp="2020-05-03T21:40:29 EDT" skipped="0">
  <testcase classname="bcamphomedepot.searchbutton" name="f" time="19.583"/>
  <system-out/>
  <testcase classname="bcamphomedepot.searchbutton" name="f" time="12.970"/>
  <system-out/>
  <testcase classname="bcamphomedepot.searchbutton" name="f" time="11.847"/>
  <system-out/>
  <testcase classname="bcamphomedepot.searchbutton" name="addcart" time="29.648"/>
  <system-out/>
</testsuite> <!-- bcamphomedepot.searchbutton -->
