<?xml version="1.0" encoding="UTF-8"?>
<!-- Generated by org.testng.reporters.JUnitReportReporter -->
<testsuite hostname="DESKTOP-8IQ6Q1E" failures="0" tests="2" name="Protrainingtech.practiceframework.Whatsnew" time="15.731" errors="0" timestamp="2020-05-03T21:40:29 EDT" skipped="0">
  <testcase classname="Protrainingtech.practiceframework.Whatsnew" name="f" time="5.143"/>
  <system-out/>
  <testcase classname="Protrainingtech.practiceframework.Whatsnew" name="f" time="10.588"/>
  <system-out/>
</testsuite> <!-- Protrainingtech.practiceframework.Whatsnew -->
