<?xml version="1.0" encoding="UTF-8"?>
<!-- Generated by org.testng.reporters.JUnitReportReporter -->
<testsuite hostname="DESKTOP-8IQ6Q1E" failures="0" tests="2" name="Protrainingtech.practiceframework.Whatsnew" time="14.838" errors="0" timestamp="2020-05-06T17:02:18 EDT" skipped="0">
  <testcase classname="Protrainingtech.practiceframework.Whatsnew" name="f" time="9.638"/>
  <system-out/>
  <testcase classname="Protrainingtech.practiceframework.Whatsnew" name="f" time="5.200"/>
  <system-out/>
</testsuite> <!-- Protrainingtech.practiceframework.Whatsnew -->
