<?xml version="1.0" encoding="UTF-8"?>
<!-- Generated by org.testng.reporters.JUnitReportReporter -->
<testsuite hostname="DESKTOP-8IQ6Q1E" failures="0" tests="8" name="Protrainingtech.practiceframework.Target" time="108.984" errors="0" timestamp="2020-05-06T17:02:18 EDT" skipped="0">
  <testcase classname="Protrainingtech.practiceframework.Target" name="f" time="26.843"/>
  <system-out>
Clicked Main Menue End of Class  </system-out>
  <testcase classname="Protrainingtech.practiceframework.Target" name="f" time="15.116"/>
  <system-out>
Clicked Main Menue End of Class  </system-out>
  <testcase classname="Protrainingtech.practiceframework.Target" name="search" time="12.945"/>
  <system-out/>
  <testcase classname="Protrainingtech.practiceframework.Target" name="search" time="12.808"/>
  <system-out/>
  <testcase classname="Protrainingtech.practiceframework.Target" name="search" time="12.180"/>
  <system-out/>
  <testcase classname="Protrainingtech.practiceframework.Target" name="search" time="7.565"/>
  <system-out/>
  <testcase classname="Protrainingtech.practiceframework.Target" name="search" time="9.007"/>
  <system-out/>
  <testcase classname="Protrainingtech.practiceframework.Target" name="search" time="12.520"/>
  <system-out/>
</testsuite> <!-- Protrainingtech.practiceframework.Target -->
