<?xml version="1.0" encoding="UTF-8"?>
<!-- Generated by org.testng.reporters.JUnitReportReporter -->
<testsuite hostname="DESKTOP-8IQ6Q1E" failures="0" tests="1" name="bcamphomedepot.newaccount2" time="12.865" errors="0" timestamp="2020-05-05T16:44:58 EDT" skipped="0">
  <testcase classname="bcamphomedepot.newaccount2" name="newaccount1" time="12.865"/>
  <system-out/>
</testsuite> <!-- bcamphomedepot.newaccount2 -->
