<?xml version="1.0" encoding="UTF-8"?>
<!-- Generated by org.testng.reporters.JUnitReportReporter -->
<testsuite hostname="DESKTOP-8IQ6Q1E" failures="0" tests="2" name="Protrainingtech.practiceframework.Newaccount" time="33.200" errors="0" timestamp="2020-05-04T11:38:40 EDT" skipped="0">
  <testcase classname="Protrainingtech.practiceframework.Newaccount" name="createaccount" time="15.931"/>
  <system-out/>
  <testcase classname="Protrainingtech.practiceframework.Newaccount" name="createaccount" time="17.269"/>
  <system-out/>
</testsuite> <!-- Protrainingtech.practiceframework.Newaccount -->
