<?xml version="1.0" encoding="UTF-8"?>
<!-- Generated by org.testng.reporters.JUnitReportReporter -->
<testsuite hostname="DESKTOP-8IQ6Q1E" failures="0" tests="2" name="Protrainingtech.practiceframework.Newaccount" time="25.619" errors="0" timestamp="2020-05-05T16:44:58 EDT" skipped="0">
  <testcase classname="Protrainingtech.practiceframework.Newaccount" name="createaccount" time="12.292"/>
  <system-out/>
  <testcase classname="Protrainingtech.practiceframework.Newaccount" name="createaccount" time="13.327"/>
  <system-out/>
</testsuite> <!-- Protrainingtech.practiceframework.Newaccount -->
