<?xml version="1.0" encoding="UTF-8"?>
<!-- Generated by org.testng.reporters.JUnitReportReporter -->
<testsuite hostname="DESKTOP-8IQ6Q1E" failures="0" tests="2" name="Protrainingtech.practiceframework.Pagesignin" time="33.382" errors="0" timestamp="2020-05-04T11:38:40 EDT" skipped="0">
  <testcase classname="Protrainingtech.practiceframework.Pagesignin" name="f" time="13.815"/>
  <system-out/>
  <testcase classname="Protrainingtech.practiceframework.Pagesignin" name="f" time="19.567"/>
  <system-out/>
</testsuite> <!-- Protrainingtech.practiceframework.Pagesignin -->
