<?xml version="1.0" encoding="UTF-8"?>
<!-- Generated by org.testng.reporters.JUnitReportReporter -->
<testsuite hostname="DESKTOP-8IQ6Q1E" failures="0" tests="2" name="Protrainingtech.practiceframework.Pagesignin" time="19.478" errors="0" timestamp="2020-05-03T21:40:29 EDT" skipped="0">
  <testcase classname="Protrainingtech.practiceframework.Pagesignin" name="f" time="9.750"/>
  <system-out/>
  <testcase classname="Protrainingtech.practiceframework.Pagesignin" name="f" time="9.728"/>
  <system-out/>
</testsuite> <!-- Protrainingtech.practiceframework.Pagesignin -->
