<?xml version="1.0" encoding="UTF-8"?>
<!-- Generated by org.testng.reporters.JUnitReportReporter -->
<testsuite hostname="DESKTOP-8IQ6Q1E" failures="0" tests="8" name="Protrainingtech.practiceframework.Target" time="127.514" errors="0" timestamp="2020-05-04T11:38:40 EDT" skipped="0">
  <testcase classname="Protrainingtech.practiceframework.Target" name="f" time="31.128"/>
  <system-out>
Clicked Main Menue End of Class  </system-out>
  <testcase classname="Protrainingtech.practiceframework.Target" name="f" time="16.239"/>
  <system-out>
Clicked Main Menue End of Class  </system-out>
  <testcase classname="Protrainingtech.practiceframework.Target" name="search" time="11.790"/>
  <system-out/>
  <testcase classname="Protrainingtech.practiceframework.Target" name="search" time="5.117"/>
  <system-out/>
  <testcase classname="Protrainingtech.practiceframework.Target" name="search" time="20.060"/>
  <system-out/>
  <testcase classname="Protrainingtech.practiceframework.Target" name="search" time="4.583"/>
  <system-out/>
  <testcase classname="Protrainingtech.practiceframework.Target" name="search" time="15.648"/>
  <system-out/>
  <testcase classname="Protrainingtech.practiceframework.Target" name="search" time="22.949"/>
  <system-out/>
</testsuite> <!-- Protrainingtech.practiceframework.Target -->
