<?xml version="1.0" encoding="UTF-8"?>
<!-- Generated by org.testng.reporters.JUnitReportReporter -->
<testsuite hostname="DESKTOP-8IQ6Q1E" failures="0" tests="8" name="Protrainingtech.practiceframework.Target" time="93.567" errors="0" timestamp="2020-05-05T16:44:58 EDT" skipped="0">
  <testcase classname="Protrainingtech.practiceframework.Target" name="f" time="22.301"/>
  <system-out>
Clicked Main Menue End of Class  </system-out>
  <testcase classname="Protrainingtech.practiceframework.Target" name="f" time="11.406"/>
  <system-out>
Clicked Main Menue End of Class  </system-out>
  <testcase classname="Protrainingtech.practiceframework.Target" name="search" time="10.641"/>
  <system-out/>
  <testcase classname="Protrainingtech.practiceframework.Target" name="search" time="6.103"/>
  <system-out/>
  <testcase classname="Protrainingtech.practiceframework.Target" name="search" time="13.103"/>
  <system-out/>
  <testcase classname="Protrainingtech.practiceframework.Target" name="search" time="7.173"/>
  <system-out/>
  <testcase classname="Protrainingtech.practiceframework.Target" name="search" time="11.682"/>
  <system-out/>
  <testcase classname="Protrainingtech.practiceframework.Target" name="search" time="11.158"/>
  <system-out/>
</testsuite> <!-- Protrainingtech.practiceframework.Target -->
