<?xml version="1.0" encoding="UTF-8"?>
<!-- Generated by org.testng.reporters.JUnitReportReporter -->
<testsuite hostname="DESKTOP-8IQ6Q1E" failures="0" tests="1" name="bcamphomedepot.newaccount2" time="16.350" errors="0" timestamp="2020-05-03T21:40:29 EDT" skipped="0">
  <testcase classname="bcamphomedepot.newaccount2" name="newaccount1" time="16.350"/>
  <system-out/>
</testsuite> <!-- bcamphomedepot.newaccount2 -->
