<?xml version="1.0" encoding="UTF-8"?>
<!-- Generated by org.testng.reporters.JUnitReportReporter -->
<testsuite hostname="DESKTOP-8IQ6Q1E" failures="0" tests="8" name="Protrainingtech.practiceframework.Target" time="99.398" errors="0" timestamp="2020-05-03T21:40:29 EDT" skipped="0">
  <testcase classname="Protrainingtech.practiceframework.Target" name="f" time="26.272"/>
  <system-out>
Clicked Main Menue End of Class  </system-out>
  <testcase classname="Protrainingtech.practiceframework.Target" name="f" time="11.678"/>
  <system-out>
Clicked Main Menue End of Class  </system-out>
  <testcase classname="Protrainingtech.practiceframework.Target" name="search" time="11.252"/>
  <system-out/>
  <testcase classname="Protrainingtech.practiceframework.Target" name="search" time="9.757"/>
  <system-out/>
  <testcase classname="Protrainingtech.practiceframework.Target" name="search" time="12.903"/>
  <system-out/>
  <testcase classname="Protrainingtech.practiceframework.Target" name="search" time="6.408"/>
  <system-out/>
  <testcase classname="Protrainingtech.practiceframework.Target" name="search" time="9.902"/>
  <system-out/>
  <testcase classname="Protrainingtech.practiceframework.Target" name="search" time="11.226"/>
  <system-out/>
</testsuite> <!-- Protrainingtech.practiceframework.Target -->
