<?xml version="1.0" encoding="UTF-8"?>
<!-- Generated by org.testng.reporters.JUnitReportReporter -->
<testsuite hostname="DESKTOP-8IQ6Q1E" failures="0" tests="1" name="bcamphomedepot.logina" time="12.583" errors="0" timestamp="2020-05-06T17:02:18 EDT" skipped="0">
  <testcase classname="bcamphomedepot.logina" name="f" time="12.583"/>
  <system-out/>
</testsuite> <!-- bcamphomedepot.logina -->
