<?xml version="1.0" encoding="UTF-8"?>
<!-- Generated by org.testng.reporters.JUnitReportReporter -->
<testsuite hostname="DESKTOP-8IQ6Q1E" failures="0" tests="2" name="Protrainingtech.practiceframework.Pagesignin" time="28.719" errors="0" timestamp="2020-05-06T17:02:18 EDT" skipped="0">
  <testcase classname="Protrainingtech.practiceframework.Pagesignin" name="f" time="12.982"/>
  <system-out/>
  <testcase classname="Protrainingtech.practiceframework.Pagesignin" name="f" time="15.737"/>
  <system-out/>
</testsuite> <!-- Protrainingtech.practiceframework.Pagesignin -->
