<?xml version="1.0" encoding="UTF-8"?>
<!-- Generated by org.testng.reporters.JUnitReportReporter -->
<testsuite hostname="DESKTOP-8IQ6Q1E" failures="0" tests="4" name="bcamphomedepot.searchbutton" time="70.480" errors="0" timestamp="2020-05-05T16:44:58 EDT" skipped="0">
  <testcase classname="bcamphomedepot.searchbutton" name="f" time="20.957"/>
  <system-out/>
  <testcase classname="bcamphomedepot.searchbutton" name="f" time="15.418"/>
  <system-out/>
  <testcase classname="bcamphomedepot.searchbutton" name="f" time="14.955"/>
  <system-out/>
  <testcase classname="bcamphomedepot.searchbutton" name="addcart" time="19.150"/>
  <system-out/>
</testsuite> <!-- bcamphomedepot.searchbutton -->
